<?xml version="1.0" encoding="UTF-8"?>
<!-- Generated by org.testng.reporters.JUnitReportReporter -->
<testsuite hostname="Godfather" name="freecrm.test.Tests.LoginTest" tests="3" failures="0" timestamp="25 Mar 2021 13:29:17 GMT" time="47.606" errors="0">
  <testcase name="loginTest_InvalidUsernamePassword" time="15.641" classname="freecrm.test.Tests.LoginTest"/>
  <testcase name="loginTest_InvalidPassword" time="13.295" classname="freecrm.test.Tests.LoginTest"/>
  <testcase name="loginTestPositive" time="18.670" classname="freecrm.test.Tests.LoginTest"/>
</testsuite> <!-- freecrm.test.Tests.LoginTest -->
