<?xml version="1.0" encoding="UTF-8"?>
<!-- Generated by org.testng.reporters.JUnitReportReporter -->
<testsuite hostname="Godfather" name="freecrm.qa.Base.Base" tests="1" failures="0" timestamp="22 Mar 2021 12:47:23 GMT" time="11.856" errors="0">
  <testcase name="setApplication" time="11.856" classname="freecrm.qa.Base.Base"/>
</testsuite> <!-- freecrm.qa.Base.Base -->
